# JRE version: OpenJDK Runtime Environment Temurin-21.0.6+7 (21.0.6+7) (build 21.0.6+7-LTS)
# Java VM: OpenJDK 64-Bit Server VM Temurin-21.0.6+7 (21.0.6+7-LTS, mixed mode, emulated-client, sharing, tiered, compressed oops, compressed class ptrs, g1 gc, windows-amd64)
GC Precious Log:
 CardTable entry size: 512
 Card Set container configuration: InlinePtr #cards 5 size 8 Array Of Cards #cards 12 size 40 Howl #buckets 4 coarsen threshold 1843 Howl Bitmap #cards 512 size 80 coarsen threshold 460 Card regions per heap region 1 cards per card region 2048
 CPUs: 4 total, 4 available
 Memory: 8072M
 Large Page Support: Disabled
 NUMA Support: Disabled
 Compressed Oops: Enabled (32-bit)
 Heap Region Size: 1M
 Heap Min Capacity: 8M
 Heap Initial Capacity: 128M
 Heap Max Capacity: 1G
 Pre-touch: Disabled
 Parallel Workers: 4
 Concurrent Workers: 1
 Concurrent Refinement Workers: 4
 Periodic GC: Disabled
Heap:
 garbage-first heap   total 128000K, used 42049K [0x00000000c0000000, 0x0000000100000000)
  region size 1024K, 1 young (1024K), 0 survivors (0K)
 Metaspace       used 58289K, committed 59520K, reserved 1114112K
  class space    used 7375K, committed 7872K, reserved 1048576K
GC Heap History (20 events):
Event: 5505.282 GC heap after
{Heap after GC invocations=534 (full 487):
 garbage-first heap   total 128000K, used 42049K [0x00000000c0000000, 0x0000000100000000)
  region size 1024K, 0 young (0K), 0 survivors (0K)
 Metaspace       used 58289K, committed 59520K, reserved 1114112K
  class space    used 7375K, committed 7872K, reserved 1048576K
}
Event: 5515.523 GC heap before
{Heap before GC invocations=534 (full 487):
 garbage-first heap   total 128000K, used 42049K [0x00000000c0000000, 0x0000000100000000)
  region size 1024K, 1 young (1024K), 0 survivors (0K)
 Metaspace       used 58289K, committed 59520K, reserved 1114112K
  class space    used 7375K, committed 7872K, reserved 1048576K
}
Event: 5515.568 GC heap after
{Heap after GC invocations=535 (full 488):
 garbage-first heap   total 128000K, used 42049K [0x00000000c0000000, 0x0000000100000000)
  region size 1024K, 0 young (0K), 0 survivors (0K)
 Metaspace       used 58289K, committed 59520K, reserved 1114112K
  class space    used 7375K, committed 7872K, reserved 1048576K
}
Event: 5525.818 GC heap before
{Heap before GC invocations=535 (full 488):
 garbage-first heap   total 128000K, used 42049K [0x00000000c0000000, 0x0000000100000000)
  region size 1024K, 1 young (1024K), 0 survivors (0K)
 Metaspace       used 58289K, committed 59520K, reserved 1114112K
  class space    used 7375K, committed 7872K, reserved 1048576K
}
Event: 5525.862 GC heap after
{Heap after GC invocations=536 (full 489):
 garbage-first heap   total 128000K, used 42049K [0x00000000c0000000, 0x0000000100000000)
  region size 1024K, 0 young (0K), 0 survivors (0K)
 Metaspace       used 58289K, committed 59520K, reserved 1114112K
  class space    used 7375K, committed 7872K, reserved 1048576K
}
Event: 5536.087 GC heap before
{Heap before GC invocations=536 (full 489):
 garbage-first heap   total 128000K, used 42049K [0x00000000c0000000, 0x0000000100000000)
  region size 1024K, 1 young (1024K), 0 survivors (0K)
 Metaspace       used 58289K, committed 59520K, reserved 1114112K
  class space    used 7375K, committed 7872K, reserved 1048576K
}
Event: 5536.131 GC heap after
{Heap after GC invocations=537 (full 490):
 garbage-first heap   total 128000K, used 42049K [0x00000000c0000000, 0x0000000100000000)
  region size 1024K, 0 young (0K), 0 survivors (0K)
 Metaspace       used 58289K, committed 59520K, reserved 1114112K
  class space    used 7375K, committed 7872K, reserved 1048576K
}
Event: 5546.360 GC heap before
{Heap before GC invocations=537 (full 490):
 garbage-first heap   total 128000K, used 42049K [0x00000000c0000000, 0x0000000100000000)
  region size 1024K, 1 young (1024K), 0 survivors (0K)
 Metaspace       used 58289K, committed 59520K, reserved 1114112K
  class space    used 7375K, committed 7872K, reserved 1048576K
}
Event: 5546.403 GC heap after
{Heap after GC invocations=538 (full 491):
 garbage-first heap   total 128000K, used 42049K [0x00000000c0000000, 0x0000000100000000)
  region size 1024K, 0 young (0K), 0 survivors (0K)
 Metaspace       used 58289K, committed 59520K, reserved 1114112K
  class space    used 7375K, committed 7872K, reserved 1048576K
}
Event: 5556.630 GC heap before
{Heap before GC invocations=538 (full 491):
 garbage-first heap   total 128000K, used 42049K [0x00000000c0000000, 0x0000000100000000)
  region size 1024K, 1 young (1024K), 0 survivors (0K)
 Metaspace       used 58289K, committed 59520K, reserved 1114112K
  class space    used 7375K, committed 7872K, reserved 1048576K
}
Event: 5556.673 GC heap after
{Heap after GC invocations=539 (full 492):
 garbage-first heap   total 128000K, used 42049K [0x00000000c0000000, 0x0000000100000000)
  region size 1024K, 0 young (0K), 0 survivors (0K)
 Metaspace       used 58289K, committed 59520K, reserved 1114112K
  class space    used 7375K, committed 7872K, reserved 1048576K
}
Event: 5566.908 GC heap before
{Heap before GC invocations=539 (full 492):
 garbage-first heap   total 128000K, used 42049K [0x00000000c0000000, 0x0000000100000000)
  region size 1024K, 1 young (1024K), 0 survivors (0K)
 Metaspace       used 58289K, committed 59520K, reserved 1114112K
  class space    used 7375K, committed 7872K, reserved 1048576K
}
Event: 5566.952 GC heap after
{Heap after GC invocations=540 (full 493):
 garbage-first heap   total 128000K, used 42049K [0x00000000c0000000, 0x0000000100000000)
  region size 1024K, 0 young (0K), 0 survivors (0K)
 Metaspace       used 58289K, committed 59520K, reserved 1114112K
  class space    used 7375K, committed 7872K, reserved 1048576K
}
Event: 5577.179 GC heap before
{Heap before GC invocations=540 (full 493):
 garbage-first heap   total 128000K, used 42049K [0x00000000c0000000, 0x0000000100000000)
  region size 1024K, 1 young (1024K), 0 survivors (0K)
 Metaspace       used 58289K, committed 59520K, reserved 1114112K
  class space    used 7375K, committed 7872K, reserved 1048576K
}
Event: 5577.223 GC heap after
{Heap after GC invocations=541 (full 494):
 garbage-first heap   total 128000K, used 42049K [0x00000000c0000000, 0x0000000100000000)
  region size 1024K, 0 young (0K), 0 survivors (0K)
 Metaspace       used 58289K, committed 59520K, reserved 1114112K
  class space    used 7375K, committed 7872K, reserved 1048576K
}
Event: 5587.459 GC heap before
{Heap before GC invocations=541 (full 494):
 garbage-first heap   total 128000K, used 42049K [0x00000000c0000000, 0x0000000100000000)
  region size 1024K, 1 young (1024K), 0 survivors (0K)
 Metaspace       used 58289K, committed 59520K, reserved 1114112K
  class space    used 7375K, committed 7872K, reserved 1048576K
}
Event: 5587.503 GC heap after
{Heap after GC invocations=542 (full 495):
 garbage-first heap   total 128000K, used 42049K [0x00000000c0000000, 0x0000000100000000)
  region size 1024K, 0 young (0K), 0 survivors (0K)
 Metaspace       used 58289K, committed 59520K, reserved 1114112K
  class space    used 7375K, committed 7872K, reserved 1048576K
}
Event: 5601.081 GC heap before
{Heap before GC invocations=542 (full 495):
 garbage-first heap   total 128000K, used 42049K [0x00000000c0000000, 0x0000000100000000)
  region size 1024K, 1 young (1024K), 0 survivors (0K)
 Metaspace       used 58289K, committed 59520K, reserved 1114112K
  class space    used 7375K, committed 7872K, reserved 1048576K
}
Event: 5601.133 GC heap after
{Heap after GC invocations=543 (full 496):
 garbage-first heap   total 128000K, used 42049K [0x00000000c0000000, 0x0000000100000000)
  region size 1024K, 0 young (0K), 0 survivors (0K)
 Metaspace       used 58289K, committed 59520K, reserved 1114112K
  class space    used 7375K, committed 7872K, reserved 1048576K
}
Event: 5612.981 GC heap before
{Heap before GC invocations=543 (full 496):
 garbage-first heap   total 128000K, used 42049K [0x00000000c0000000, 0x0000000100000000)
  region size 1024K, 1 young (1024K), 0 survivors (0K)
 Metaspace       used 58289K, committed 59520K, reserved 1114112K
  class space    used 7375K, committed 7872K, reserved 1048576K
}

