# JRE version: OpenJDK Runtime Environment Temurin-21.0.6+7 (21.0.6+7) (build 21.0.6+7-LTS)
# Java VM: OpenJDK 64-Bit Server VM Temurin-21.0.6+7 (21.0.6+7-LTS, mixed mode, emulated-client, sharing, tiered, compressed oops, compressed class ptrs, g1 gc, windows-amd64)
GC Precious Log:
 CardTable entry size: 512
 Card Set container configuration: InlinePtr #cards 5 size 8 Array Of Cards #cards 12 size 40 Howl #buckets 4 coarsen threshold 1843 Howl Bitmap #cards 512 size 80 coarsen threshold 460 Card regions per heap region 1 cards per card region 2048
 CPUs: 4 total, 4 available
 Memory: 8072M
 Large Page Support: Disabled
 NUMA Support: Disabled
 Compressed Oops: Enabled (32-bit)
 Heap Region Size: 1M
 Heap Min Capacity: 8M
 Heap Initial Capacity: 128M
 Heap Max Capacity: 1G
 Pre-touch: Disabled
 Parallel Workers: 4
 Concurrent Workers: 1
 Concurrent Refinement Workers: 4
 Periodic GC: Disabled
Heap:
 garbage-first heap   total 78848K, used 39962K [0x00000000c0000000, 0x0000000100000000)
  region size 1024K, 1 young (1024K), 0 survivors (0K)
 Metaspace       used 56191K, committed 57024K, reserved 1114112K
  class space    used 6897K, committed 7232K, reserved 1048576K
GC Heap History (20 events):
Event: 4491.153 GC heap after
{Heap after GC invocations=429 (full 410):
 garbage-first heap   total 78848K, used 39962K [0x00000000c0000000, 0x0000000100000000)
  region size 1024K, 0 young (0K), 0 survivors (0K)
 Metaspace       used 56191K, committed 57024K, reserved 1114112K
  class space    used 6897K, committed 7232K, reserved 1048576K
}
Event: 4501.426 GC heap before
{Heap before GC invocations=429 (full 410):
 garbage-first heap   total 78848K, used 39962K [0x00000000c0000000, 0x0000000100000000)
  region size 1024K, 1 young (1024K), 0 survivors (0K)
 Metaspace       used 56191K, committed 57024K, reserved 1114112K
  class space    used 6897K, committed 7232K, reserved 1048576K
}
Event: 4501.473 GC heap after
{Heap after GC invocations=430 (full 411):
 garbage-first heap   total 78848K, used 39962K [0x00000000c0000000, 0x0000000100000000)
  region size 1024K, 0 young (0K), 0 survivors (0K)
 Metaspace       used 56191K, committed 57024K, reserved 1114112K
  class space    used 6897K, committed 7232K, reserved 1048576K
}
Event: 4511.763 GC heap before
{Heap before GC invocations=430 (full 411):
 garbage-first heap   total 78848K, used 39962K [0x00000000c0000000, 0x0000000100000000)
  region size 1024K, 1 young (1024K), 0 survivors (0K)
 Metaspace       used 56191K, committed 57024K, reserved 1114112K
  class space    used 6897K, committed 7232K, reserved 1048576K
}
Event: 4511.810 GC heap after
{Heap after GC invocations=431 (full 412):
 garbage-first heap   total 78848K, used 39962K [0x00000000c0000000, 0x0000000100000000)
  region size 1024K, 0 young (0K), 0 survivors (0K)
 Metaspace       used 56191K, committed 57024K, reserved 1114112K
  class space    used 6897K, committed 7232K, reserved 1048576K
}
Event: 4522.112 GC heap before
{Heap before GC invocations=431 (full 412):
 garbage-first heap   total 78848K, used 39962K [0x00000000c0000000, 0x0000000100000000)
  region size 1024K, 1 young (1024K), 0 survivors (0K)
 Metaspace       used 56191K, committed 57024K, reserved 1114112K
  class space    used 6897K, committed 7232K, reserved 1048576K
}
Event: 4522.157 GC heap after
{Heap after GC invocations=432 (full 413):
 garbage-first heap   total 78848K, used 39962K [0x00000000c0000000, 0x0000000100000000)
  region size 1024K, 0 young (0K), 0 survivors (0K)
 Metaspace       used 56191K, committed 57024K, reserved 1114112K
  class space    used 6897K, committed 7232K, reserved 1048576K
}
Event: 4532.425 GC heap before
{Heap before GC invocations=432 (full 413):
 garbage-first heap   total 78848K, used 39962K [0x00000000c0000000, 0x0000000100000000)
  region size 1024K, 1 young (1024K), 0 survivors (0K)
 Metaspace       used 56191K, committed 57024K, reserved 1114112K
  class space    used 6897K, committed 7232K, reserved 1048576K
}
Event: 4532.472 GC heap after
{Heap after GC invocations=433 (full 414):
 garbage-first heap   total 78848K, used 39962K [0x00000000c0000000, 0x0000000100000000)
  region size 1024K, 0 young (0K), 0 survivors (0K)
 Metaspace       used 56191K, committed 57024K, reserved 1114112K
  class space    used 6897K, committed 7232K, reserved 1048576K
}
Event: 4542.784 GC heap before
{Heap before GC invocations=433 (full 414):
 garbage-first heap   total 78848K, used 39962K [0x00000000c0000000, 0x0000000100000000)
  region size 1024K, 1 young (1024K), 0 survivors (0K)
 Metaspace       used 56191K, committed 57024K, reserved 1114112K
  class space    used 6897K, committed 7232K, reserved 1048576K
}
Event: 4542.830 GC heap after
{Heap after GC invocations=434 (full 415):
 garbage-first heap   total 78848K, used 39962K [0x00000000c0000000, 0x0000000100000000)
  region size 1024K, 0 young (0K), 0 survivors (0K)
 Metaspace       used 56191K, committed 57024K, reserved 1114112K
  class space    used 6897K, committed 7232K, reserved 1048576K
}
Event: 4553.156 GC heap before
{Heap before GC invocations=434 (full 415):
 garbage-first heap   total 78848K, used 39962K [0x00000000c0000000, 0x0000000100000000)
  region size 1024K, 1 young (1024K), 0 survivors (0K)
 Metaspace       used 56191K, committed 57024K, reserved 1114112K
  class space    used 6897K, committed 7232K, reserved 1048576K
}
Event: 4553.201 GC heap after
{Heap after GC invocations=435 (full 416):
 garbage-first heap   total 78848K, used 39962K [0x00000000c0000000, 0x0000000100000000)
  region size 1024K, 0 young (0K), 0 survivors (0K)
 Metaspace       used 56191K, committed 57024K, reserved 1114112K
  class space    used 6897K, committed 7232K, reserved 1048576K
}
Event: 4563.512 GC heap before
{Heap before GC invocations=435 (full 416):
 garbage-first heap   total 78848K, used 39962K [0x00000000c0000000, 0x0000000100000000)
  region size 1024K, 1 young (1024K), 0 survivors (0K)
 Metaspace       used 56191K, committed 57024K, reserved 1114112K
  class space    used 6897K, committed 7232K, reserved 1048576K
}
Event: 4563.559 GC heap after
{Heap after GC invocations=436 (full 417):
 garbage-first heap   total 78848K, used 39962K [0x00000000c0000000, 0x0000000100000000)
  region size 1024K, 0 young (0K), 0 survivors (0K)
 Metaspace       used 56191K, committed 57024K, reserved 1114112K
  class space    used 6897K, committed 7232K, reserved 1048576K
}
Event: 4573.868 GC heap before
{Heap before GC invocations=436 (full 417):
 garbage-first heap   total 78848K, used 39962K [0x00000000c0000000, 0x0000000100000000)
  region size 1024K, 1 young (1024K), 0 survivors (0K)
 Metaspace       used 56191K, committed 57024K, reserved 1114112K
  class space    used 6897K, committed 7232K, reserved 1048576K
}
Event: 4573.915 GC heap after
{Heap after GC invocations=437 (full 418):
 garbage-first heap   total 78848K, used 39962K [0x00000000c0000000, 0x0000000100000000)
  region size 1024K, 0 young (0K), 0 survivors (0K)
 Metaspace       used 56191K, committed 57024K, reserved 1114112K
  class space    used 6897K, committed 7232K, reserved 1048576K
}
Event: 4584.483 GC heap before
{Heap before GC invocations=437 (full 418):
 garbage-first heap   total 78848K, used 39962K [0x00000000c0000000, 0x0000000100000000)
  region size 1024K, 1 young (1024K), 0 survivors (0K)
 Metaspace       used 56191K, committed 57024K, reserved 1114112K
  class space    used 6897K, committed 7232K, reserved 1048576K
}
Event: 4584.530 GC heap after
{Heap after GC invocations=438 (full 419):
 garbage-first heap   total 78848K, used 39962K [0x00000000c0000000, 0x0000000100000000)
  region size 1024K, 0 young (0K), 0 survivors (0K)
 Metaspace       used 56191K, committed 57024K, reserved 1114112K
  class space    used 6897K, committed 7232K, reserved 1048576K
}
Event: 4595.012 GC heap before
{Heap before GC invocations=438 (full 419):
 garbage-first heap   total 78848K, used 39962K [0x00000000c0000000, 0x0000000100000000)
  region size 1024K, 1 young (1024K), 0 survivors (0K)
 Metaspace       used 56191K, committed 57024K, reserved 1114112K
  class space    used 6897K, committed 7232K, reserved 1048576K
}

